<?xml version="1.0" encoding="UTF-8"?>
<TestRun id="e8be68cd-0ffa-479a-bb1f-aa0ca1677126" name="lgrodriguez@JLUIS-PC 2011-12-26 16:49:47" runUser="TEAMPRO\lgrodriguez" xmlns="http://microsoft.com/schemas/VisualStudio/TeamTest/2010">
  <TestSettings name="Local" id="6e0364cb-68a2-4e01-800d-e15a2f073550">
    <Description>These are default test settings for a local test run.</Description>
    <Deployment enabled="false" runDeploymentRoot="lgrodriguez_JLUIS-PC 2011-12-26 16_49_47">
      <DeploymentItem filename="c:\users\lgrodriguez\documents\visual studio 2010\Projects\CodeKataDecember\CodeKataDecember\bin\Debug\CodeKataDecember.exe" />
    </Deployment>
    <Execution>
      <TestTypeSpecific />
      <AgentRule name="Execution Agents">
      </AgentRule>
    </Execution>
  </TestSettings>
  <Times creation="2011-12-26T16:49:47.5412977+01:00" queuing="2011-12-26T16:49:48.6005095+01:00" start="2011-12-26T16:49:48.6945283+01:00" finish="2011-12-26T16:49:50.2168327+01:00" />
  <ResultSummary outcome="Failed">
    <Counters total="4" executed="4" passed="3" error="0" failed="1" timeout="0" aborted="0" inconclusive="0" passedButRunAborted="0" notRunnable="0" notExecuted="0" disconnected="0" warning="0" completed="0" inProgress="0" pending="0" />
  </ResultSummary>
  <TestDefinitions>
    <UnitTest name="Count_theInterruptiions" storage="c:\users\lgrodriguez\documents\visual studio 2010\projects\codekatadecember\codekatadecember_test\bin\debug\codekatadecember_test.dll" id="2181e752-2172-5180-e352-bb666ae92357">
      <Execution id="e3f34c68-6a04-464e-9f10-c282f398d4cc" />
      <TestMethod codeBase="C:/Users/lgrodriguez/documents/visual studio 2010/Projects/CodeKataDecember/CodeKataDecember_Test/bin/Debug/CodeKataDecember_Test.DLL" adapterTypeName="Microsoft.VisualStudio.TestTools.TestTypes.Unit.UnitTestAdapter, Microsoft.VisualStudio.QualityTools.Tips.UnitTest.Adapter, Version=10.0.0.0, Culture=neutral, PublicKeyToken=b03f5f7f11d50a3a" className="CodeKataDecember_Test.PomodoroTest, CodeKataDecember_Test, Version=1.0.0.0, Culture=neutral, PublicKeyToken=null" name="Count_theInterruptiions" />
    </UnitTest>
    <UnitTest name="Stop_WithOutStart" storage="c:\users\lgrodriguez\documents\visual studio 2010\projects\codekatadecember\codekatadecember_test\bin\debug\codekatadecember_test.dll" id="39e690be-624a-560f-8918-a1aaa5e44560">
      <Execution id="4a76c37a-127a-4696-9ab9-d5b42ec26ba8" />
      <TestMethod codeBase="C:/Users/lgrodriguez/documents/visual studio 2010/Projects/CodeKataDecember/CodeKataDecember_Test/bin/Debug/CodeKataDecember_Test.DLL" adapterTypeName="Microsoft.VisualStudio.TestTools.TestTypes.Unit.UnitTestAdapter, Microsoft.VisualStudio.QualityTools.Tips.UnitTest.Adapter, Version=10.0.0.0, Culture=neutral, PublicKeyToken=b03f5f7f11d50a3a" className="CodeKataDecember_Test.PomodoroTest, CodeKataDecember_Test, Version=1.0.0.0, Culture=neutral, PublicKeyToken=null" name="Stop_WithOutStart" />
    </UnitTest>
    <UnitTest name="Constructor_WithOutMinutes" storage="c:\users\lgrodriguez\documents\visual studio 2010\projects\codekatadecember\codekatadecember_test\bin\debug\codekatadecember_test.dll" id="3796392f-973f-8ed2-c73c-5f94aafee584">
      <Execution id="85dd7371-cada-4efe-a7e8-f8d03e403893" />
      <TestMethod codeBase="C:/Users/lgrodriguez/documents/visual studio 2010/Projects/CodeKataDecember/CodeKataDecember_Test/bin/Debug/CodeKataDecember_Test.DLL" adapterTypeName="Microsoft.VisualStudio.TestTools.TestTypes.Unit.UnitTestAdapter, Microsoft.VisualStudio.QualityTools.Tips.UnitTest.Adapter, Version=10.0.0.0, Culture=neutral, PublicKeyToken=b03f5f7f11d50a3a" className="CodeKataDecember_Test.PomodoroTest, CodeKataDecember_Test, Version=1.0.0.0, Culture=neutral, PublicKeyToken=null" name="Constructor_WithOutMinutes" />
    </UnitTest>
    <UnitTest name="Constructor_WithMinutes" storage="c:\users\lgrodriguez\documents\visual studio 2010\projects\codekatadecember\codekatadecember_test\bin\debug\codekatadecember_test.dll" id="f786ea38-3d34-89b7-ed6b-240d41e5cd04">
      <Execution id="0a63dbb8-b5c2-4398-8630-ff4f3d6eb656" />
      <TestMethod codeBase="C:/Users/lgrodriguez/documents/visual studio 2010/Projects/CodeKataDecember/CodeKataDecember_Test/bin/Debug/CodeKataDecember_Test.DLL" adapterTypeName="Microsoft.VisualStudio.TestTools.TestTypes.Unit.UnitTestAdapter, Microsoft.VisualStudio.QualityTools.Tips.UnitTest.Adapter, Version=10.0.0.0, Culture=neutral, PublicKeyToken=b03f5f7f11d50a3a" className="CodeKataDecember_Test.PomodoroTest, CodeKataDecember_Test, Version=1.0.0.0, Culture=neutral, PublicKeyToken=null" name="Constructor_WithMinutes" />
    </UnitTest>
  </TestDefinitions>
  <TestLists>
    <TestList name="Results Not in a List" id="8c84fa94-04c1-424b-9868-57a2d4851a1d" />
    <TestList name="All Loaded Results" id="19431567-8539-422a-85d7-44ee4e166bda" />
  </TestLists>
  <TestEntries>
    <TestEntry testId="2181e752-2172-5180-e352-bb666ae92357" executionId="e3f34c68-6a04-464e-9f10-c282f398d4cc" testListId="8c84fa94-04c1-424b-9868-57a2d4851a1d" />
    <TestEntry testId="3796392f-973f-8ed2-c73c-5f94aafee584" executionId="85dd7371-cada-4efe-a7e8-f8d03e403893" testListId="8c84fa94-04c1-424b-9868-57a2d4851a1d" />
    <TestEntry testId="39e690be-624a-560f-8918-a1aaa5e44560" executionId="4a76c37a-127a-4696-9ab9-d5b42ec26ba8" testListId="8c84fa94-04c1-424b-9868-57a2d4851a1d" />
    <TestEntry testId="f786ea38-3d34-89b7-ed6b-240d41e5cd04" executionId="0a63dbb8-b5c2-4398-8630-ff4f3d6eb656" testListId="8c84fa94-04c1-424b-9868-57a2d4851a1d" />
  </TestEntries>
  <Results>
    <UnitTestResult executionId="e3f34c68-6a04-464e-9f10-c282f398d4cc" testId="2181e752-2172-5180-e352-bb666ae92357" testName="Count_theInterruptiions" computerName="JLUIS-PC" duration="00:00:00.0268558" startTime="2011-12-26T16:49:48.7495393+01:00" endTime="2011-12-26T16:49:49.9867867+01:00" testType="13cdc9d9-ddb5-4fa4-a97d-d965ccfc6d4b" outcome="Passed" testListId="8c84fa94-04c1-424b-9868-57a2d4851a1d" relativeResultsDirectory="e3f34c68-6a04-464e-9f10-c282f398d4cc">
    </UnitTestResult>
    <UnitTestResult executionId="85dd7371-cada-4efe-a7e8-f8d03e403893" testId="3796392f-973f-8ed2-c73c-5f94aafee584" testName="Constructor_WithOutMinutes" computerName="JLUIS-PC" duration="00:00:00.0004819" startTime="2011-12-26T16:49:50.0067907+01:00" endTime="2011-12-26T16:49:50.0187931+01:00" testType="13cdc9d9-ddb5-4fa4-a97d-d965ccfc6d4b" outcome="Passed" testListId="8c84fa94-04c1-424b-9868-57a2d4851a1d" relativeResultsDirectory="85dd7371-cada-4efe-a7e8-f8d03e403893">
    </UnitTestResult>
    <UnitTestResult executionId="4a76c37a-127a-4696-9ab9-d5b42ec26ba8" testId="39e690be-624a-560f-8918-a1aaa5e44560" testName="Stop_WithOutStart" computerName="JLUIS-PC" duration="00:00:00.0573258" startTime="2011-12-26T16:49:50.0307955+01:00" endTime="2011-12-26T16:49:50.0988091+01:00" testType="13cdc9d9-ddb5-4fa4-a97d-d965ccfc6d4b" outcome="Failed" testListId="8c84fa94-04c1-424b-9868-57a2d4851a1d" relativeResultsDirectory="4a76c37a-127a-4696-9ab9-d5b42ec26ba8">
      <Output>
        <ErrorInfo>
          <Message>Test method CodeKataDecember_Test.PomodoroTest.Stop_WithOutStart did not throw expected exception System.Exception.</Message>
        </ErrorInfo>
      </Output>
    </UnitTestResult>
    <UnitTestResult executionId="0a63dbb8-b5c2-4398-8630-ff4f3d6eb656" testId="f786ea38-3d34-89b7-ed6b-240d41e5cd04" testName="Constructor_WithMinutes" computerName="JLUIS-PC" duration="00:00:00.0002903" startTime="2011-12-26T16:49:50.1188131+01:00" endTime="2011-12-26T16:49:50.1298153+01:00" testType="13cdc9d9-ddb5-4fa4-a97d-d965ccfc6d4b" outcome="Passed" testListId="8c84fa94-04c1-424b-9868-57a2d4851a1d" relativeResultsDirectory="0a63dbb8-b5c2-4398-8630-ff4f3d6eb656">
    </UnitTestResult>
  </Results>
</TestRun>