<?xml version="1.0" encoding="UTF-8"?>
<TestRun id="7250c483-6022-4c68-9ebd-1f86f952ee3a" name="lgrodriguez@JLUIS-PC 2011-12-26 17:38:05" runUser="TEAMPRO\lgrodriguez" xmlns="http://microsoft.com/schemas/VisualStudio/TeamTest/2010">
  <TestSettings name="Local" id="6e0364cb-68a2-4e01-800d-e15a2f073550">
    <Description>These are default test settings for a local test run.</Description>
    <Deployment enabled="false" runDeploymentRoot="lgrodriguez_JLUIS-PC 2011-12-26 17_38_05">
      <DeploymentItem filename="c:\users\lgrodriguez\documents\visual studio 2010\Projects\CodeKataDecember\CodeKataDecember\bin\Debug\CodeKataDecember.exe" />
    </Deployment>
    <Execution>
      <TestTypeSpecific />
      <AgentRule name="Execution Agents">
      </AgentRule>
    </Execution>
  </TestSettings>
  <Times creation="2011-12-26T17:38:05.1829140+01:00" queuing="2011-12-26T17:38:06.4320389+01:00" start="2011-12-26T17:38:06.6170574+01:00" finish="2011-12-26T17:38:12.5226479+01:00" />
  <ResultSummary outcome="Completed">
    <Counters total="4" executed="4" passed="4" error="0" failed="0" timeout="0" aborted="0" inconclusive="0" passedButRunAborted="0" notRunnable="0" notExecuted="0" disconnected="0" warning="0" completed="0" inProgress="0" pending="0" />
  </ResultSummary>
  <TestDefinitions>
    <UnitTest name="Count_theInterruptiions" storage="c:\users\lgrodriguez\documents\visual studio 2010\projects\codekatadecember\codekatadecember_test\bin\debug\codekatadecember_test.dll" id="2181e752-2172-5180-e352-bb666ae92357">
      <Execution id="721d1cd5-9ccd-4270-930f-c576eb5a5681" />
      <TestMethod codeBase="C:/Users/lgrodriguez/documents/visual studio 2010/Projects/CodeKataDecember/CodeKataDecember_Test/bin/Debug/CodeKataDecember_Test.DLL" adapterTypeName="Microsoft.VisualStudio.TestTools.TestTypes.Unit.UnitTestAdapter, Microsoft.VisualStudio.QualityTools.Tips.UnitTest.Adapter, Version=10.0.0.0, Culture=neutral, PublicKeyToken=b03f5f7f11d50a3a" className="CodeKataDecember_Test.PomodoroTest, CodeKataDecember_Test, Version=1.0.0.0, Culture=neutral, PublicKeyToken=null" name="Count_theInterruptiions" />
    </UnitTest>
    <UnitTest name="Stop_WithOutStart" storage="c:\users\lgrodriguez\documents\visual studio 2010\projects\codekatadecember\codekatadecember_test\bin\debug\codekatadecember_test.dll" id="39e690be-624a-560f-8918-a1aaa5e44560">
      <Execution id="eee7db96-1808-4729-8952-63ed54dd96b0" />
      <TestMethod codeBase="C:/Users/lgrodriguez/documents/visual studio 2010/Projects/CodeKataDecember/CodeKataDecember_Test/bin/Debug/CodeKataDecember_Test.DLL" adapterTypeName="Microsoft.VisualStudio.TestTools.TestTypes.Unit.UnitTestAdapter, Microsoft.VisualStudio.QualityTools.Tips.UnitTest.Adapter, Version=10.0.0.0, Culture=neutral, PublicKeyToken=b03f5f7f11d50a3a" className="CodeKataDecember_Test.PomodoroTest, CodeKataDecember_Test, Version=1.0.0.0, Culture=neutral, PublicKeyToken=null" name="Stop_WithOutStart" />
    </UnitTest>
    <UnitTest name="Constructor_WithOutMinutes" storage="c:\users\lgrodriguez\documents\visual studio 2010\projects\codekatadecember\codekatadecember_test\bin\debug\codekatadecember_test.dll" id="3796392f-973f-8ed2-c73c-5f94aafee584">
      <Execution id="ee17df4b-42c5-46a3-8bab-461dfddecc86" />
      <TestMethod codeBase="C:/Users/lgrodriguez/documents/visual studio 2010/Projects/CodeKataDecember/CodeKataDecember_Test/bin/Debug/CodeKataDecember_Test.DLL" adapterTypeName="Microsoft.VisualStudio.TestTools.TestTypes.Unit.UnitTestAdapter, Microsoft.VisualStudio.QualityTools.Tips.UnitTest.Adapter, Version=10.0.0.0, Culture=neutral, PublicKeyToken=b03f5f7f11d50a3a" className="CodeKataDecember_Test.PomodoroTest, CodeKataDecember_Test, Version=1.0.0.0, Culture=neutral, PublicKeyToken=null" name="Constructor_WithOutMinutes" />
    </UnitTest>
    <UnitTest name="Constructor_WithMinutes" storage="c:\users\lgrodriguez\documents\visual studio 2010\projects\codekatadecember\codekatadecember_test\bin\debug\codekatadecember_test.dll" id="f786ea38-3d34-89b7-ed6b-240d41e5cd04">
      <Execution id="45c5037a-b4bb-44b1-b4b4-eb8ad42dd1bb" />
      <TestMethod codeBase="C:/Users/lgrodriguez/documents/visual studio 2010/Projects/CodeKataDecember/CodeKataDecember_Test/bin/Debug/CodeKataDecember_Test.DLL" adapterTypeName="Microsoft.VisualStudio.TestTools.TestTypes.Unit.UnitTestAdapter, Microsoft.VisualStudio.QualityTools.Tips.UnitTest.Adapter, Version=10.0.0.0, Culture=neutral, PublicKeyToken=b03f5f7f11d50a3a" className="CodeKataDecember_Test.PomodoroTest, CodeKataDecember_Test, Version=1.0.0.0, Culture=neutral, PublicKeyToken=null" name="Constructor_WithMinutes" />
    </UnitTest>
  </TestDefinitions>
  <TestLists>
    <TestList name="Results Not in a List" id="8c84fa94-04c1-424b-9868-57a2d4851a1d" />
    <TestList name="All Loaded Results" id="19431567-8539-422a-85d7-44ee4e166bda" />
  </TestLists>
  <TestEntries>
    <TestEntry testId="2181e752-2172-5180-e352-bb666ae92357" executionId="721d1cd5-9ccd-4270-930f-c576eb5a5681" testListId="8c84fa94-04c1-424b-9868-57a2d4851a1d" />
    <TestEntry testId="3796392f-973f-8ed2-c73c-5f94aafee584" executionId="ee17df4b-42c5-46a3-8bab-461dfddecc86" testListId="8c84fa94-04c1-424b-9868-57a2d4851a1d" />
    <TestEntry testId="39e690be-624a-560f-8918-a1aaa5e44560" executionId="eee7db96-1808-4729-8952-63ed54dd96b0" testListId="8c84fa94-04c1-424b-9868-57a2d4851a1d" />
    <TestEntry testId="f786ea38-3d34-89b7-ed6b-240d41e5cd04" executionId="45c5037a-b4bb-44b1-b4b4-eb8ad42dd1bb" testListId="8c84fa94-04c1-424b-9868-57a2d4851a1d" />
  </TestEntries>
  <Results>
    <UnitTestResult executionId="721d1cd5-9ccd-4270-930f-c576eb5a5681" testId="2181e752-2172-5180-e352-bb666ae92357" testName="Count_theInterruptiions" computerName="JLUIS-PC" duration="00:00:00.0257628" startTime="2011-12-26T17:38:06.7780735+01:00" endTime="2011-12-26T17:38:08.0311988+01:00" testType="13cdc9d9-ddb5-4fa4-a97d-d965ccfc6d4b" outcome="Passed" testListId="8c84fa94-04c1-424b-9868-57a2d4851a1d" relativeResultsDirectory="721d1cd5-9ccd-4270-930f-c576eb5a5681">
    </UnitTestResult>
    <UnitTestResult executionId="ee17df4b-42c5-46a3-8bab-461dfddecc86" testId="3796392f-973f-8ed2-c73c-5f94aafee584" testName="Constructor_WithOutMinutes" computerName="JLUIS-PC" duration="00:00:00.0004781" startTime="2011-12-26T17:38:08.0432000+01:00" endTime="2011-12-26T17:38:08.0552012+01:00" testType="13cdc9d9-ddb5-4fa4-a97d-d965ccfc6d4b" outcome="Passed" testListId="8c84fa94-04c1-424b-9868-57a2d4851a1d" relativeResultsDirectory="ee17df4b-42c5-46a3-8bab-461dfddecc86">
    </UnitTestResult>
    <UnitTestResult executionId="eee7db96-1808-4729-8952-63ed54dd96b0" testId="39e690be-624a-560f-8918-a1aaa5e44560" testName="Stop_WithOutStart" computerName="JLUIS-PC" duration="00:00:04.1620531" startTime="2011-12-26T17:38:08.0642021+01:00" endTime="2011-12-26T17:38:12.4486405+01:00" testType="13cdc9d9-ddb5-4fa4-a97d-d965ccfc6d4b" outcome="Passed" testListId="8c84fa94-04c1-424b-9868-57a2d4851a1d" relativeResultsDirectory="eee7db96-1808-4729-8952-63ed54dd96b0">
    </UnitTestResult>
    <UnitTestResult executionId="45c5037a-b4bb-44b1-b4b4-eb8ad42dd1bb" testId="f786ea38-3d34-89b7-ed6b-240d41e5cd04" testName="Constructor_WithMinutes" computerName="JLUIS-PC" duration="00:00:00.0002681" startTime="2011-12-26T17:38:12.4586415+01:00" endTime="2011-12-26T17:38:12.4696426+01:00" testType="13cdc9d9-ddb5-4fa4-a97d-d965ccfc6d4b" outcome="Passed" testListId="8c84fa94-04c1-424b-9868-57a2d4851a1d" relativeResultsDirectory="45c5037a-b4bb-44b1-b4b4-eb8ad42dd1bb">
    </UnitTestResult>
  </Results>
</TestRun>