<?xml version="1.0" encoding="UTF-8"?>
<TestRun id="abc9f6fe-8d19-4a2b-aeb1-d7bfae6392fa" name="lgrodriguez@JLUIS-PC 2011-12-26 12:35:11" runUser="TEAMPRO\lgrodriguez" xmlns="http://microsoft.com/schemas/VisualStudio/TeamTest/2010">
  <TestSettings name="Local" id="6e0364cb-68a2-4e01-800d-e15a2f073550">
    <Description>These are default test settings for a local test run.</Description>
    <Deployment enabled="false" runDeploymentRoot="lgrodriguez_JLUIS-PC 2011-12-26 12_35_11">
      <DeploymentItem filename="c:\users\lgrodriguez\documents\visual studio 2010\Projects\CodeKataDecember\CodeKataDecember\bin\Debug\CodeKataDecember.exe" />
    </Deployment>
    <Execution>
      <TestTypeSpecific />
      <AgentRule name="Execution Agents">
      </AgentRule>
    </Execution>
  </TestSettings>
  <Times creation="2011-12-26T12:35:11.6072519+01:00" queuing="2011-12-26T12:35:13.1292519+01:00" start="2011-12-26T12:35:13.2112519+01:00" finish="2011-12-26T12:37:50.1786911+01:00" />
  <ResultSummary outcome="Error">
    <Counters total="3" executed="3" passed="1" error="0" failed="1" timeout="0" aborted="1" inconclusive="0" passedButRunAborted="0" notRunnable="0" notExecuted="0" disconnected="0" warning="0" completed="0" inProgress="0" pending="0" />
    <RunInfos>
      <RunInfo computerName="JLUIS-PC" outcome="Error" timestamp="2011-12-26T12:37:50.1756908+01:00">
        <Text>Test host process exited unexpectedly.</Text>
      </RunInfo>
    </RunInfos>
  </ResultSummary>
  <TestDefinitions>
    <UnitTest name="Stop_WithOutStart" storage="c:\users\lgrodriguez\documents\visual studio 2010\projects\codekatadecember\codekatadecember_test\bin\debug\codekatadecember_test.dll" id="39e690be-624a-560f-8918-a1aaa5e44560">
      <Execution id="d0cbb824-73dc-45de-bd42-db419b932f5a" />
      <TestMethod codeBase="C:/Users/lgrodriguez/documents/visual studio 2010/Projects/CodeKataDecember/CodeKataDecember_Test/bin/Debug/CodeKataDecember_Test.DLL" adapterTypeName="Microsoft.VisualStudio.TestTools.TestTypes.Unit.UnitTestAdapter, Microsoft.VisualStudio.QualityTools.Tips.UnitTest.Adapter, Version=10.0.0.0, Culture=neutral, PublicKeyToken=b03f5f7f11d50a3a" className="CodeKataDecember_Test.PomodoroTest, CodeKataDecember_Test, Version=1.0.0.0, Culture=neutral, PublicKeyToken=null" name="Stop_WithOutStart" />
    </UnitTest>
    <UnitTest name="Constructor_WithOutMinutes" storage="c:\users\lgrodriguez\documents\visual studio 2010\projects\codekatadecember\codekatadecember_test\bin\debug\codekatadecember_test.dll" id="3796392f-973f-8ed2-c73c-5f94aafee584">
      <Execution id="140457e5-82c8-49ce-bcaa-4d63d486add4" />
      <TestMethod codeBase="C:/Users/lgrodriguez/documents/visual studio 2010/Projects/CodeKataDecember/CodeKataDecember_Test/bin/Debug/CodeKataDecember_Test.DLL" adapterTypeName="Microsoft.VisualStudio.TestTools.TestTypes.Unit.UnitTestAdapter, Microsoft.VisualStudio.QualityTools.Tips.UnitTest.Adapter, Version=10.0.0.0, Culture=neutral, PublicKeyToken=b03f5f7f11d50a3a" className="CodeKataDecember_Test.PomodoroTest, CodeKataDecember_Test, Version=1.0.0.0, Culture=neutral, PublicKeyToken=null" name="Constructor_WithOutMinutes" />
    </UnitTest>
    <UnitTest name="Constructor_WithMinutes" storage="c:\users\lgrodriguez\documents\visual studio 2010\projects\codekatadecember\codekatadecember_test\bin\debug\codekatadecember_test.dll" id="f786ea38-3d34-89b7-ed6b-240d41e5cd04">
      <Execution id="86492e2e-0dc7-428d-b16a-ce7e182581d2" />
      <TestMethod codeBase="C:/Users/lgrodriguez/documents/visual studio 2010/Projects/CodeKataDecember/CodeKataDecember_Test/bin/Debug/CodeKataDecember_Test.DLL" adapterTypeName="Microsoft.VisualStudio.TestTools.TestTypes.Unit.UnitTestAdapter, Microsoft.VisualStudio.QualityTools.Tips.UnitTest.Adapter, Version=10.0.0.0, Culture=neutral, PublicKeyToken=b03f5f7f11d50a3a" className="CodeKataDecember_Test.PomodoroTest, CodeKataDecember_Test, Version=1.0.0.0, Culture=neutral, PublicKeyToken=null" name="Constructor_WithMinutes" />
    </UnitTest>
  </TestDefinitions>
  <TestLists>
    <TestList name="Results Not in a List" id="8c84fa94-04c1-424b-9868-57a2d4851a1d" />
    <TestList name="All Loaded Results" id="19431567-8539-422a-85d7-44ee4e166bda" />
  </TestLists>
  <TestEntries>
    <TestEntry testId="3796392f-973f-8ed2-c73c-5f94aafee584" executionId="140457e5-82c8-49ce-bcaa-4d63d486add4" testListId="8c84fa94-04c1-424b-9868-57a2d4851a1d" />
    <TestEntry testId="39e690be-624a-560f-8918-a1aaa5e44560" executionId="d0cbb824-73dc-45de-bd42-db419b932f5a" testListId="8c84fa94-04c1-424b-9868-57a2d4851a1d" />
    <TestEntry testId="f786ea38-3d34-89b7-ed6b-240d41e5cd04" executionId="86492e2e-0dc7-428d-b16a-ce7e182581d2" testListId="8c84fa94-04c1-424b-9868-57a2d4851a1d" />
  </TestEntries>
  <Results>
    <UnitTestResult executionId="140457e5-82c8-49ce-bcaa-4d63d486add4" testId="3796392f-973f-8ed2-c73c-5f94aafee584" testName="Constructor_WithOutMinutes" computerName="JLUIS-PC" duration="00:02:24.2164808" startTime="2011-12-26T12:35:13.2812519+01:00" endTime="2011-12-26T12:37:38.7905524+01:00" testType="13cdc9d9-ddb5-4fa4-a97d-d965ccfc6d4b" outcome="Failed" testListId="8c84fa94-04c1-424b-9868-57a2d4851a1d" relativeResultsDirectory="140457e5-82c8-49ce-bcaa-4d63d486add4">
      <Output>
        <ErrorInfo>
          <Message>Assert.AreEqual failed. Expected:&lt;25&gt;. Actual:&lt;1500&gt;. </Message>
          <StackTrace>   en CodeKataDecember_Test.PomodoroTest.Constructor_WithOutMinutes() en C:\Users\lgrodriguez\documents\visual studio 2010\Projects\CodeKataDecember\CodeKataDecember_Test\PomodoroTest.cs:línea 85
</StackTrace>
        </ErrorInfo>
      </Output>
    </UnitTestResult>
    <UnitTestResult executionId="d0cbb824-73dc-45de-bd42-db419b932f5a" testId="39e690be-624a-560f-8918-a1aaa5e44560" testName="Stop_WithOutStart" computerName="JLUIS-PC" duration="00:00:00.0004409" startTime="2011-12-26T12:37:38.8055539+01:00" endTime="2011-12-26T12:37:38.8195553+01:00" testType="13cdc9d9-ddb5-4fa4-a97d-d965ccfc6d4b" outcome="Passed" testListId="8c84fa94-04c1-424b-9868-57a2d4851a1d" relativeResultsDirectory="d0cbb824-73dc-45de-bd42-db419b932f5a">
    </UnitTestResult>
    <UnitTestResult executionId="86492e2e-0dc7-428d-b16a-ce7e182581d2" testId="f786ea38-3d34-89b7-ed6b-240d41e5cd04" testName="Constructor_WithMinutes" computerName="JLUIS-PC" duration="00:00:11.3501349" startTime="2011-12-26T12:37:38.8285562+01:00" endTime="2011-12-26T12:37:50.1786911+01:00" testType="13cdc9d9-ddb5-4fa4-a97d-d965ccfc6d4b" outcome="Aborted" testListId="8c84fa94-04c1-424b-9868-57a2d4851a1d" relativeResultsDirectory="86492e2e-0dc7-428d-b16a-ce7e182581d2">
    </UnitTestResult>
  </Results>
</TestRun>