<?xml version="1.0" encoding="UTF-8"?>
<TestRun id="47bc1fec-83ee-44d8-bf33-5d5d224afdf6" name="lgrodriguez@JLUIS-PC 2011-12-26 17:35:36" runUser="TEAMPRO\lgrodriguez" xmlns="http://microsoft.com/schemas/VisualStudio/TeamTest/2010">
  <TestSettings name="Local" id="6e0364cb-68a2-4e01-800d-e15a2f073550">
    <Description>These are default test settings for a local test run.</Description>
    <Deployment enabled="false" runDeploymentRoot="lgrodriguez_JLUIS-PC 2011-12-26 17_35_36">
      <DeploymentItem filename="c:\users\lgrodriguez\documents\visual studio 2010\Projects\CodeKataDecember\CodeKataDecember\bin\Debug\CodeKataDecember.exe" />
    </Deployment>
    <Execution>
      <TestTypeSpecific />
      <AgentRule name="Execution Agents">
      </AgentRule>
    </Execution>
  </TestSettings>
  <Times creation="2011-12-26T17:35:36.5740546+01:00" queuing="2011-12-26T17:35:37.8311803+01:00" start="2011-12-26T17:35:38.0241996+01:00" finish="2011-12-26T17:35:45.1149086+01:00" />
  <ResultSummary outcome="Completed">
    <Counters total="4" executed="4" passed="4" error="0" failed="0" timeout="0" aborted="0" inconclusive="0" passedButRunAborted="0" notRunnable="0" notExecuted="0" disconnected="0" warning="0" completed="0" inProgress="0" pending="0" />
  </ResultSummary>
  <TestDefinitions>
    <UnitTest name="Count_theInterruptiions" storage="c:\users\lgrodriguez\documents\visual studio 2010\projects\codekatadecember\codekatadecember_test\bin\debug\codekatadecember_test.dll" id="2181e752-2172-5180-e352-bb666ae92357">
      <Execution id="cee9865e-3a4d-472a-955c-acf60c21794d" />
      <TestMethod codeBase="C:/Users/lgrodriguez/documents/visual studio 2010/Projects/CodeKataDecember/CodeKataDecember_Test/bin/Debug/CodeKataDecember_Test.DLL" adapterTypeName="Microsoft.VisualStudio.TestTools.TestTypes.Unit.UnitTestAdapter, Microsoft.VisualStudio.QualityTools.Tips.UnitTest.Adapter, Version=10.0.0.0, Culture=neutral, PublicKeyToken=b03f5f7f11d50a3a" className="CodeKataDecember_Test.PomodoroTest, CodeKataDecember_Test, Version=1.0.0.0, Culture=neutral, PublicKeyToken=null" name="Count_theInterruptiions" />
    </UnitTest>
    <UnitTest name="Stop_WithOutStart" storage="c:\users\lgrodriguez\documents\visual studio 2010\projects\codekatadecember\codekatadecember_test\bin\debug\codekatadecember_test.dll" id="39e690be-624a-560f-8918-a1aaa5e44560">
      <Execution id="f550dba9-ae7e-44b5-9613-e8dd80f8bfef" />
      <TestMethod codeBase="C:/Users/lgrodriguez/documents/visual studio 2010/Projects/CodeKataDecember/CodeKataDecember_Test/bin/Debug/CodeKataDecember_Test.DLL" adapterTypeName="Microsoft.VisualStudio.TestTools.TestTypes.Unit.UnitTestAdapter, Microsoft.VisualStudio.QualityTools.Tips.UnitTest.Adapter, Version=10.0.0.0, Culture=neutral, PublicKeyToken=b03f5f7f11d50a3a" className="CodeKataDecember_Test.PomodoroTest, CodeKataDecember_Test, Version=1.0.0.0, Culture=neutral, PublicKeyToken=null" name="Stop_WithOutStart" />
    </UnitTest>
    <UnitTest name="Constructor_WithOutMinutes" storage="c:\users\lgrodriguez\documents\visual studio 2010\projects\codekatadecember\codekatadecember_test\bin\debug\codekatadecember_test.dll" id="3796392f-973f-8ed2-c73c-5f94aafee584">
      <Execution id="564316a1-8e58-4635-9a0c-3a40ef5f420b" />
      <TestMethod codeBase="C:/Users/lgrodriguez/documents/visual studio 2010/Projects/CodeKataDecember/CodeKataDecember_Test/bin/Debug/CodeKataDecember_Test.DLL" adapterTypeName="Microsoft.VisualStudio.TestTools.TestTypes.Unit.UnitTestAdapter, Microsoft.VisualStudio.QualityTools.Tips.UnitTest.Adapter, Version=10.0.0.0, Culture=neutral, PublicKeyToken=b03f5f7f11d50a3a" className="CodeKataDecember_Test.PomodoroTest, CodeKataDecember_Test, Version=1.0.0.0, Culture=neutral, PublicKeyToken=null" name="Constructor_WithOutMinutes" />
    </UnitTest>
    <UnitTest name="Constructor_WithMinutes" storage="c:\users\lgrodriguez\documents\visual studio 2010\projects\codekatadecember\codekatadecember_test\bin\debug\codekatadecember_test.dll" id="f786ea38-3d34-89b7-ed6b-240d41e5cd04">
      <Execution id="96a4ab3c-78ef-40ba-bfb4-ec9440551532" />
      <TestMethod codeBase="C:/Users/lgrodriguez/documents/visual studio 2010/Projects/CodeKataDecember/CodeKataDecember_Test/bin/Debug/CodeKataDecember_Test.DLL" adapterTypeName="Microsoft.VisualStudio.TestTools.TestTypes.Unit.UnitTestAdapter, Microsoft.VisualStudio.QualityTools.Tips.UnitTest.Adapter, Version=10.0.0.0, Culture=neutral, PublicKeyToken=b03f5f7f11d50a3a" className="CodeKataDecember_Test.PomodoroTest, CodeKataDecember_Test, Version=1.0.0.0, Culture=neutral, PublicKeyToken=null" name="Constructor_WithMinutes" />
    </UnitTest>
  </TestDefinitions>
  <TestLists>
    <TestList name="Results Not in a List" id="8c84fa94-04c1-424b-9868-57a2d4851a1d" />
    <TestList name="All Loaded Results" id="19431567-8539-422a-85d7-44ee4e166bda" />
  </TestLists>
  <TestEntries>
    <TestEntry testId="2181e752-2172-5180-e352-bb666ae92357" executionId="cee9865e-3a4d-472a-955c-acf60c21794d" testListId="8c84fa94-04c1-424b-9868-57a2d4851a1d" />
    <TestEntry testId="3796392f-973f-8ed2-c73c-5f94aafee584" executionId="564316a1-8e58-4635-9a0c-3a40ef5f420b" testListId="8c84fa94-04c1-424b-9868-57a2d4851a1d" />
    <TestEntry testId="39e690be-624a-560f-8918-a1aaa5e44560" executionId="f550dba9-ae7e-44b5-9613-e8dd80f8bfef" testListId="8c84fa94-04c1-424b-9868-57a2d4851a1d" />
    <TestEntry testId="f786ea38-3d34-89b7-ed6b-240d41e5cd04" executionId="96a4ab3c-78ef-40ba-bfb4-ec9440551532" testListId="8c84fa94-04c1-424b-9868-57a2d4851a1d" />
  </TestEntries>
  <Results>
    <UnitTestResult executionId="cee9865e-3a4d-472a-955c-acf60c21794d" testId="2181e752-2172-5180-e352-bb666ae92357" testName="Count_theInterruptiions" computerName="JLUIS-PC" duration="00:00:00.0247929" startTime="2011-12-26T17:35:38.1732145+01:00" endTime="2011-12-26T17:35:39.4153387+01:00" testType="13cdc9d9-ddb5-4fa4-a97d-d965ccfc6d4b" outcome="Passed" testListId="8c84fa94-04c1-424b-9868-57a2d4851a1d" relativeResultsDirectory="cee9865e-3a4d-472a-955c-acf60c21794d">
    </UnitTestResult>
    <UnitTestResult executionId="564316a1-8e58-4635-9a0c-3a40ef5f420b" testId="3796392f-973f-8ed2-c73c-5f94aafee584" testName="Constructor_WithOutMinutes" computerName="JLUIS-PC" duration="00:00:00.0005170" startTime="2011-12-26T17:35:39.4263398+01:00" endTime="2011-12-26T17:35:39.4363408+01:00" testType="13cdc9d9-ddb5-4fa4-a97d-d965ccfc6d4b" outcome="Passed" testListId="8c84fa94-04c1-424b-9868-57a2d4851a1d" relativeResultsDirectory="564316a1-8e58-4635-9a0c-3a40ef5f420b">
    </UnitTestResult>
    <UnitTestResult executionId="f550dba9-ae7e-44b5-9613-e8dd80f8bfef" testId="39e690be-624a-560f-8918-a1aaa5e44560" testName="Stop_WithOutStart" computerName="JLUIS-PC" duration="00:00:05.4261850" startTime="2011-12-26T17:35:39.4453417+01:00" endTime="2011-12-26T17:35:45.0329004+01:00" testType="13cdc9d9-ddb5-4fa4-a97d-d965ccfc6d4b" outcome="Passed" testListId="8c84fa94-04c1-424b-9868-57a2d4851a1d" relativeResultsDirectory="f550dba9-ae7e-44b5-9613-e8dd80f8bfef">
    </UnitTestResult>
    <UnitTestResult executionId="96a4ab3c-78ef-40ba-bfb4-ec9440551532" testId="f786ea38-3d34-89b7-ed6b-240d41e5cd04" testName="Constructor_WithMinutes" computerName="JLUIS-PC" duration="00:00:00.0002702" startTime="2011-12-26T17:35:45.0449016+01:00" endTime="2011-12-26T17:35:45.0549026+01:00" testType="13cdc9d9-ddb5-4fa4-a97d-d965ccfc6d4b" outcome="Passed" testListId="8c84fa94-04c1-424b-9868-57a2d4851a1d" relativeResultsDirectory="96a4ab3c-78ef-40ba-bfb4-ec9440551532">
    </UnitTestResult>
  </Results>
</TestRun>