<?xml version="1.0" encoding="UTF-8"?>
<TestRun id="8904103c-2943-4bf7-abbe-e414deaa1a0d" name="lgrodriguez@JLUIS-PC 2012-05-25 14:20:56" runUser="TEAMPRO\lgrodriguez" xmlns="http://microsoft.com/schemas/VisualStudio/TeamTest/2010">
  <TestSettings name="Local" id="53110626-90bd-4512-aaa3-a4ad06b51ebd">
    <Description>These are default test settings for a local test run.</Description>
    <Deployment enabled="false" runDeploymentRoot="lgrodriguez_JLUIS-PC 2012-05-25 14_20_56">
      <DeploymentItem filename="c:\users\lgrodriguez\documents\visual studio 2010\Projects\CodeKataJuly\Code\bin\Debug\Code.dll" />
    </Deployment>
    <Execution>
      <TestTypeSpecific />
      <AgentRule name="Execution Agents">
      </AgentRule>
    </Execution>
  </TestSettings>
  <Times creation="2012-05-25T14:20:56.8215077+02:00" queuing="2012-05-25T14:21:00.2255077+02:00" start="2012-05-25T14:21:00.4775077+02:00" finish="2012-05-25T14:21:09.1435077+02:00" />
  <ResultSummary outcome="Error">
    <Counters total="5" executed="5" passed="4" error="0" failed="0" timeout="0" aborted="1" inconclusive="0" passedButRunAborted="0" notRunnable="0" notExecuted="0" disconnected="0" warning="0" completed="0" inProgress="0" pending="0" />
    <RunInfos>
      <RunInfo computerName="JLUIS-PC" outcome="Error" timestamp="2012-05-25T14:21:09.1415077+02:00">
        <Text>Test host process exited unexpectedly.</Text>
      </RunInfo>
    </RunInfos>
  </ResultSummary>
  <TestDefinitions>
    <UnitTest name="IsNotPositiveTest" storage="c:\users\lgrodriguez\documents\visual studio 2010\projects\codekatajuly\test\bin\debug\test.dll" id="c2dbdb08-80fc-88c5-78f6-ec1a05750812">
      <Execution id="1e33efa3-7306-432c-ab6e-ec901d37fbd0" />
      <TestMethod codeBase="c:/users/lgrodriguez/documents/visual studio 2010/Projects/CodeKataJuly/Test/bin/Debug/Test.DLL" adapterTypeName="Microsoft.VisualStudio.TestTools.TestTypes.Unit.UnitTestAdapter, Microsoft.VisualStudio.QualityTools.Tips.UnitTest.Adapter, Version=10.0.0.0, Culture=neutral, PublicKeyToken=b03f5f7f11d50a3a" className="Test.ExtensionsTest, Test, Version=1.0.0.0, Culture=neutral, PublicKeyToken=null" name="IsNotPositiveTest" />
    </UnitTest>
    <UnitTest name="IsPositiveTest" storage="c:\users\lgrodriguez\documents\visual studio 2010\projects\codekatajuly\test\bin\debug\test.dll" id="105b7569-4d67-fbec-40b7-e365da13ed81">
      <Execution id="9196dcca-7605-4657-b3cd-c4023e1e3238" />
      <TestMethod codeBase="c:/users/lgrodriguez/documents/visual studio 2010/Projects/CodeKataJuly/Test/bin/Debug/Test.DLL" adapterTypeName="Microsoft.VisualStudio.TestTools.TestTypes.Unit.UnitTestAdapter, Microsoft.VisualStudio.QualityTools.Tips.UnitTest.Adapter, Version=10.0.0.0, Culture=neutral, PublicKeyToken=b03f5f7f11d50a3a" className="Test.ExtensionsTest, Test, Version=1.0.0.0, Culture=neutral, PublicKeyToken=null" name="IsPositiveTest" />
    </UnitTest>
    <UnitTest name="GeneratePrimeFactorsTest" storage="c:\users\lgrodriguez\documents\visual studio 2010\projects\codekatajuly\test\bin\debug\test.dll" id="10c5413f-9c60-a4ec-9c10-950069adad65">
      <Execution id="f19f4246-7970-4d94-bc6b-669028d17d4f" />
      <TestMethod codeBase="c:/users/lgrodriguez/documents/visual studio 2010/Projects/CodeKataJuly/Test/bin/Debug/Test.DLL" adapterTypeName="Microsoft.VisualStudio.TestTools.TestTypes.Unit.UnitTestAdapter, Microsoft.VisualStudio.QualityTools.Tips.UnitTest.Adapter, Version=10.0.0.0, Culture=neutral, PublicKeyToken=b03f5f7f11d50a3a" className="Test.PrimeFactorsTest, Test, Version=1.0.0.0, Culture=neutral, PublicKeyToken=null" name="GeneratePrimeFactorsTest" />
    </UnitTest>
    <UnitTest name="OneIsPrimeTest" storage="c:\users\lgrodriguez\documents\visual studio 2010\projects\codekatajuly\test\bin\debug\test.dll" id="9529a870-48b3-d0b5-42a6-5e9447a93a12">
      <Execution id="9308ea64-bf6f-41c2-83c4-fac19c0c1c61" />
      <TestMethod codeBase="c:/users/lgrodriguez/documents/visual studio 2010/Projects/CodeKataJuly/Test/bin/Debug/Test.DLL" adapterTypeName="Microsoft.VisualStudio.TestTools.TestTypes.Unit.UnitTestAdapter, Microsoft.VisualStudio.QualityTools.Tips.UnitTest.Adapter, Version=10.0.0.0, Culture=neutral, PublicKeyToken=b03f5f7f11d50a3a" className="Test.ExtensionsTest, Test, Version=1.0.0.0, Culture=neutral, PublicKeyToken=null" name="OneIsPrimeTest" />
    </UnitTest>
    <UnitTest name="TwoIsPrimeTest" storage="c:\users\lgrodriguez\documents\visual studio 2010\projects\codekatajuly\test\bin\debug\test.dll" id="69d37811-b030-7159-5b56-140a631234ad">
      <Execution id="0cbcad0d-31c9-490b-9c99-a138caf9150d" />
      <TestMethod codeBase="c:/users/lgrodriguez/documents/visual studio 2010/Projects/CodeKataJuly/Test/bin/Debug/Test.DLL" adapterTypeName="Microsoft.VisualStudio.TestTools.TestTypes.Unit.UnitTestAdapter, Microsoft.VisualStudio.QualityTools.Tips.UnitTest.Adapter, Version=10.0.0.0, Culture=neutral, PublicKeyToken=b03f5f7f11d50a3a" className="Test.ExtensionsTest, Test, Version=1.0.0.0, Culture=neutral, PublicKeyToken=null" name="TwoIsPrimeTest" />
    </UnitTest>
  </TestDefinitions>
  <TestLists>
    <TestList name="Results Not in a List" id="8c84fa94-04c1-424b-9868-57a2d4851a1d" />
    <TestList name="All Loaded Results" id="19431567-8539-422a-85d7-44ee4e166bda" />
  </TestLists>
  <TestEntries>
    <TestEntry testId="105b7569-4d67-fbec-40b7-e365da13ed81" executionId="9196dcca-7605-4657-b3cd-c4023e1e3238" testListId="8c84fa94-04c1-424b-9868-57a2d4851a1d" />
    <TestEntry testId="10c5413f-9c60-a4ec-9c10-950069adad65" executionId="f19f4246-7970-4d94-bc6b-669028d17d4f" testListId="8c84fa94-04c1-424b-9868-57a2d4851a1d" />
    <TestEntry testId="69d37811-b030-7159-5b56-140a631234ad" executionId="0cbcad0d-31c9-490b-9c99-a138caf9150d" testListId="8c84fa94-04c1-424b-9868-57a2d4851a1d" />
    <TestEntry testId="9529a870-48b3-d0b5-42a6-5e9447a93a12" executionId="9308ea64-bf6f-41c2-83c4-fac19c0c1c61" testListId="8c84fa94-04c1-424b-9868-57a2d4851a1d" />
    <TestEntry testId="c2dbdb08-80fc-88c5-78f6-ec1a05750812" executionId="1e33efa3-7306-432c-ab6e-ec901d37fbd0" testListId="8c84fa94-04c1-424b-9868-57a2d4851a1d" />
  </TestEntries>
  <Results>
    <UnitTestResult executionId="9196dcca-7605-4657-b3cd-c4023e1e3238" testId="105b7569-4d67-fbec-40b7-e365da13ed81" testName="IsPositiveTest" computerName="JLUIS-PC" duration="00:00:00.0808923" startTime="2012-05-25T14:21:00.7815077+02:00" endTime="2012-05-25T14:21:02.5425077+02:00" testType="13cdc9d9-ddb5-4fa4-a97d-d965ccfc6d4b" outcome="Passed" testListId="8c84fa94-04c1-424b-9868-57a2d4851a1d" relativeResultsDirectory="9196dcca-7605-4657-b3cd-c4023e1e3238">
    </UnitTestResult>
    <UnitTestResult executionId="f19f4246-7970-4d94-bc6b-669028d17d4f" testId="10c5413f-9c60-a4ec-9c10-950069adad65" testName="GeneratePrimeFactorsTest" computerName="JLUIS-PC" duration="00:00:00.0226003" startTime="2012-05-25T14:21:02.5745077+02:00" endTime="2012-05-25T14:21:02.6035077+02:00" testType="13cdc9d9-ddb5-4fa4-a97d-d965ccfc6d4b" outcome="Passed" testListId="8c84fa94-04c1-424b-9868-57a2d4851a1d" relativeResultsDirectory="f19f4246-7970-4d94-bc6b-669028d17d4f">
    </UnitTestResult>
    <UnitTestResult executionId="0cbcad0d-31c9-490b-9c99-a138caf9150d" testId="69d37811-b030-7159-5b56-140a631234ad" testName="TwoIsPrimeTest" computerName="JLUIS-PC" duration="00:00:00.0009647" startTime="2012-05-25T14:21:02.6205077+02:00" endTime="2012-05-25T14:21:02.6275077+02:00" testType="13cdc9d9-ddb5-4fa4-a97d-d965ccfc6d4b" outcome="Passed" testListId="8c84fa94-04c1-424b-9868-57a2d4851a1d" relativeResultsDirectory="0cbcad0d-31c9-490b-9c99-a138caf9150d">
    </UnitTestResult>
    <UnitTestResult executionId="9308ea64-bf6f-41c2-83c4-fac19c0c1c61" testId="9529a870-48b3-d0b5-42a6-5e9447a93a12" testName="OneIsPrimeTest" computerName="JLUIS-PC" duration="00:00:00.0011349" startTime="2012-05-25T14:21:02.6445077+02:00" endTime="2012-05-25T14:21:02.6515077+02:00" testType="13cdc9d9-ddb5-4fa4-a97d-d965ccfc6d4b" outcome="Passed" testListId="8c84fa94-04c1-424b-9868-57a2d4851a1d" relativeResultsDirectory="9308ea64-bf6f-41c2-83c4-fac19c0c1c61">
    </UnitTestResult>
    <UnitTestResult executionId="1e33efa3-7306-432c-ab6e-ec901d37fbd0" testId="c2dbdb08-80fc-88c5-78f6-ec1a05750812" testName="IsNotPositiveTest" computerName="JLUIS-PC" duration="00:00:06.4780000" startTime="2012-05-25T14:21:02.6655077+02:00" endTime="2012-05-25T14:21:09.1435077+02:00" testType="13cdc9d9-ddb5-4fa4-a97d-d965ccfc6d4b" outcome="Aborted" testListId="8c84fa94-04c1-424b-9868-57a2d4851a1d" relativeResultsDirectory="1e33efa3-7306-432c-ab6e-ec901d37fbd0">
    </UnitTestResult>
  </Results>
</TestRun>