<?xml version="1.0" encoding="UTF-8"?>
<TestRun id="44cfe45e-4ba9-4d42-b87b-d2a698c7f48e" name="lgrodriguez@JLUIS-PC 2012-05-25 14:34:13" runUser="TEAMPRO\lgrodriguez" xmlns="http://microsoft.com/schemas/VisualStudio/TeamTest/2010">
  <TestSettings name="Local" id="53110626-90bd-4512-aaa3-a4ad06b51ebd">
    <Description>These are default test settings for a local test run.</Description>
    <Deployment enabled="false" runDeploymentRoot="lgrodriguez_JLUIS-PC 2012-05-25 14_34_13">
      <DeploymentItem filename="c:\users\lgrodriguez\documents\visual studio 2010\Projects\CodeKataJuly\Code\bin\Debug\Code.dll" />
    </Deployment>
    <Execution>
      <TestTypeSpecific />
      <AgentRule name="Execution Agents">
      </AgentRule>
    </Execution>
  </TestSettings>
  <Times creation="2012-05-25T14:34:13.4338165+02:00" queuing="2012-05-25T14:34:17.0991830+02:00" start="2012-05-25T14:34:17.3292060+02:00" finish="2012-05-25T14:34:19.6414372+02:00" />
  <ResultSummary outcome="Completed">
    <Counters total="6" executed="6" passed="6" error="0" failed="0" timeout="0" aborted="0" inconclusive="0" passedButRunAborted="0" notRunnable="0" notExecuted="0" disconnected="0" warning="0" completed="0" inProgress="0" pending="0" />
  </ResultSummary>
  <TestDefinitions>
    <UnitTest name="OneIsPrimeTest" storage="c:\users\lgrodriguez\documents\visual studio 2010\projects\codekatajuly\test\bin\debug\test.dll" id="9529a870-48b3-d0b5-42a6-5e9447a93a12">
      <Execution id="cbbb71e1-a4fd-4220-bb17-db32e49e769a" />
      <TestMethod codeBase="c:/users/lgrodriguez/documents/visual studio 2010/Projects/CodeKataJuly/Test/bin/Debug/Test.DLL" adapterTypeName="Microsoft.VisualStudio.TestTools.TestTypes.Unit.UnitTestAdapter, Microsoft.VisualStudio.QualityTools.Tips.UnitTest.Adapter, Version=10.0.0.0, Culture=neutral, PublicKeyToken=b03f5f7f11d50a3a" className="Test.ExtensionsTest, Test, Version=1.0.0.0, Culture=neutral, PublicKeyToken=null" name="OneIsPrimeTest" />
    </UnitTest>
    <UnitTest name="TwoIsPrimeTest" storage="c:\users\lgrodriguez\documents\visual studio 2010\projects\codekatajuly\test\bin\debug\test.dll" id="69d37811-b030-7159-5b56-140a631234ad">
      <Execution id="7c2a359e-28e1-436c-8da0-e81ee22f8107" />
      <TestMethod codeBase="c:/users/lgrodriguez/documents/visual studio 2010/Projects/CodeKataJuly/Test/bin/Debug/Test.DLL" adapterTypeName="Microsoft.VisualStudio.TestTools.TestTypes.Unit.UnitTestAdapter, Microsoft.VisualStudio.QualityTools.Tips.UnitTest.Adapter, Version=10.0.0.0, Culture=neutral, PublicKeyToken=b03f5f7f11d50a3a" className="Test.ExtensionsTest, Test, Version=1.0.0.0, Culture=neutral, PublicKeyToken=null" name="TwoIsPrimeTest" />
    </UnitTest>
    <UnitTest name="IsPositiveTest" storage="c:\users\lgrodriguez\documents\visual studio 2010\projects\codekatajuly\test\bin\debug\test.dll" id="105b7569-4d67-fbec-40b7-e365da13ed81">
      <Execution id="3d30efa7-5c27-4766-ad11-0cfbdf8e37a4" />
      <TestMethod codeBase="c:/users/lgrodriguez/documents/visual studio 2010/Projects/CodeKataJuly/Test/bin/Debug/Test.DLL" adapterTypeName="Microsoft.VisualStudio.TestTools.TestTypes.Unit.UnitTestAdapter, Microsoft.VisualStudio.QualityTools.Tips.UnitTest.Adapter, Version=10.0.0.0, Culture=neutral, PublicKeyToken=b03f5f7f11d50a3a" className="Test.ExtensionsTest, Test, Version=1.0.0.0, Culture=neutral, PublicKeyToken=null" name="IsPositiveTest" />
    </UnitTest>
    <UnitTest name="TwoDigitsGeneratePrimeFactorsTest" storage="c:\users\lgrodriguez\documents\visual studio 2010\projects\codekatajuly\test\bin\debug\test.dll" id="734e18ab-b05d-c196-04c1-9a9d11a37c55">
      <Execution id="094c666d-17a2-46cd-bc1a-abafdadb9fcf" />
      <TestMethod codeBase="c:/users/lgrodriguez/documents/visual studio 2010/Projects/CodeKataJuly/Test/bin/Debug/Test.DLL" adapterTypeName="Microsoft.VisualStudio.TestTools.TestTypes.Unit.UnitTestAdapter, Microsoft.VisualStudio.QualityTools.Tips.UnitTest.Adapter, Version=10.0.0.0, Culture=neutral, PublicKeyToken=b03f5f7f11d50a3a" className="Test.PrimeFactorsTest, Test, Version=1.0.0.0, Culture=neutral, PublicKeyToken=null" name="TwoDigitsGeneratePrimeFactorsTest" />
    </UnitTest>
    <UnitTest name="SimpleNumberGeneratePrimeFactorsTest" storage="c:\users\lgrodriguez\documents\visual studio 2010\projects\codekatajuly\test\bin\debug\test.dll" id="8cf04d87-b4ff-55b3-68c9-5b139f3b2d35">
      <Execution id="69888696-f161-4731-b5b9-55d6ded96a85" />
      <TestMethod codeBase="c:/users/lgrodriguez/documents/visual studio 2010/Projects/CodeKataJuly/Test/bin/Debug/Test.DLL" adapterTypeName="Microsoft.VisualStudio.TestTools.TestTypes.Unit.UnitTestAdapter, Microsoft.VisualStudio.QualityTools.Tips.UnitTest.Adapter, Version=10.0.0.0, Culture=neutral, PublicKeyToken=b03f5f7f11d50a3a" className="Test.PrimeFactorsTest, Test, Version=1.0.0.0, Culture=neutral, PublicKeyToken=null" name="SimpleNumberGeneratePrimeFactorsTest" />
    </UnitTest>
    <UnitTest name="IsNotPositiveTest" storage="c:\users\lgrodriguez\documents\visual studio 2010\projects\codekatajuly\test\bin\debug\test.dll" id="c2dbdb08-80fc-88c5-78f6-ec1a05750812">
      <Execution id="e451d820-9b15-4da1-b386-d35a71ca9745" />
      <TestMethod codeBase="c:/users/lgrodriguez/documents/visual studio 2010/Projects/CodeKataJuly/Test/bin/Debug/Test.DLL" adapterTypeName="Microsoft.VisualStudio.TestTools.TestTypes.Unit.UnitTestAdapter, Microsoft.VisualStudio.QualityTools.Tips.UnitTest.Adapter, Version=10.0.0.0, Culture=neutral, PublicKeyToken=b03f5f7f11d50a3a" className="Test.ExtensionsTest, Test, Version=1.0.0.0, Culture=neutral, PublicKeyToken=null" name="IsNotPositiveTest" />
    </UnitTest>
  </TestDefinitions>
  <TestLists>
    <TestList name="Results Not in a List" id="8c84fa94-04c1-424b-9868-57a2d4851a1d" />
    <TestList name="All Loaded Results" id="19431567-8539-422a-85d7-44ee4e166bda" />
  </TestLists>
  <TestEntries>
    <TestEntry testId="105b7569-4d67-fbec-40b7-e365da13ed81" executionId="3d30efa7-5c27-4766-ad11-0cfbdf8e37a4" testListId="8c84fa94-04c1-424b-9868-57a2d4851a1d" />
    <TestEntry testId="69d37811-b030-7159-5b56-140a631234ad" executionId="7c2a359e-28e1-436c-8da0-e81ee22f8107" testListId="8c84fa94-04c1-424b-9868-57a2d4851a1d" />
    <TestEntry testId="734e18ab-b05d-c196-04c1-9a9d11a37c55" executionId="094c666d-17a2-46cd-bc1a-abafdadb9fcf" testListId="8c84fa94-04c1-424b-9868-57a2d4851a1d" />
    <TestEntry testId="8cf04d87-b4ff-55b3-68c9-5b139f3b2d35" executionId="69888696-f161-4731-b5b9-55d6ded96a85" testListId="8c84fa94-04c1-424b-9868-57a2d4851a1d" />
    <TestEntry testId="9529a870-48b3-d0b5-42a6-5e9447a93a12" executionId="cbbb71e1-a4fd-4220-bb17-db32e49e769a" testListId="8c84fa94-04c1-424b-9868-57a2d4851a1d" />
    <TestEntry testId="c2dbdb08-80fc-88c5-78f6-ec1a05750812" executionId="e451d820-9b15-4da1-b386-d35a71ca9745" testListId="8c84fa94-04c1-424b-9868-57a2d4851a1d" />
  </TestEntries>
  <Results>
    <UnitTestResult executionId="3d30efa7-5c27-4766-ad11-0cfbdf8e37a4" testId="105b7569-4d67-fbec-40b7-e365da13ed81" testName="IsPositiveTest" computerName="JLUIS-PC" duration="00:00:00.0728058" startTime="2012-05-25T14:34:17.6102341+02:00" endTime="2012-05-25T14:34:19.3174048+02:00" testType="13cdc9d9-ddb5-4fa4-a97d-d965ccfc6d4b" outcome="Passed" testListId="8c84fa94-04c1-424b-9868-57a2d4851a1d" relativeResultsDirectory="3d30efa7-5c27-4766-ad11-0cfbdf8e37a4">
    </UnitTestResult>
    <UnitTestResult executionId="7c2a359e-28e1-436c-8da0-e81ee22f8107" testId="69d37811-b030-7159-5b56-140a631234ad" testName="TwoIsPrimeTest" computerName="JLUIS-PC" duration="00:00:00.0021040" startTime="2012-05-25T14:34:19.3464077+02:00" endTime="2012-05-25T14:34:19.3594090+02:00" testType="13cdc9d9-ddb5-4fa4-a97d-d965ccfc6d4b" outcome="Passed" testListId="8c84fa94-04c1-424b-9868-57a2d4851a1d" relativeResultsDirectory="7c2a359e-28e1-436c-8da0-e81ee22f8107">
    </UnitTestResult>
    <UnitTestResult executionId="094c666d-17a2-46cd-bc1a-abafdadb9fcf" testId="734e18ab-b05d-c196-04c1-9a9d11a37c55" testName="TwoDigitsGeneratePrimeFactorsTest" computerName="JLUIS-PC" duration="00:00:00.0203234" startTime="2012-05-25T14:34:19.3744105+02:00" endTime="2012-05-25T14:34:19.4024133+02:00" testType="13cdc9d9-ddb5-4fa4-a97d-d965ccfc6d4b" outcome="Passed" testListId="8c84fa94-04c1-424b-9868-57a2d4851a1d" relativeResultsDirectory="094c666d-17a2-46cd-bc1a-abafdadb9fcf">
    </UnitTestResult>
    <UnitTestResult executionId="69888696-f161-4731-b5b9-55d6ded96a85" testId="8cf04d87-b4ff-55b3-68c9-5b139f3b2d35" testName="SimpleNumberGeneratePrimeFactorsTest" computerName="JLUIS-PC" duration="00:00:00.0055997" startTime="2012-05-25T14:34:19.4174148+02:00" endTime="2012-05-25T14:34:19.4304161+02:00" testType="13cdc9d9-ddb5-4fa4-a97d-d965ccfc6d4b" outcome="Passed" testListId="8c84fa94-04c1-424b-9868-57a2d4851a1d" relativeResultsDirectory="69888696-f161-4731-b5b9-55d6ded96a85">
    </UnitTestResult>
    <UnitTestResult executionId="cbbb71e1-a4fd-4220-bb17-db32e49e769a" testId="9529a870-48b3-d0b5-42a6-5e9447a93a12" testName="OneIsPrimeTest" computerName="JLUIS-PC" duration="00:00:00.0010665" startTime="2012-05-25T14:34:19.4474178+02:00" endTime="2012-05-25T14:34:19.4564187+02:00" testType="13cdc9d9-ddb5-4fa4-a97d-d965ccfc6d4b" outcome="Passed" testListId="8c84fa94-04c1-424b-9868-57a2d4851a1d" relativeResultsDirectory="cbbb71e1-a4fd-4220-bb17-db32e49e769a">
    </UnitTestResult>
    <UnitTestResult executionId="e451d820-9b15-4da1-b386-d35a71ca9745" testId="c2dbdb08-80fc-88c5-78f6-ec1a05750812" testName="IsNotPositiveTest" computerName="JLUIS-PC" duration="00:00:00.0014373" startTime="2012-05-25T14:34:19.4704201+02:00" endTime="2012-05-25T14:34:19.4794210+02:00" testType="13cdc9d9-ddb5-4fa4-a97d-d965ccfc6d4b" outcome="Passed" testListId="8c84fa94-04c1-424b-9868-57a2d4851a1d" relativeResultsDirectory="e451d820-9b15-4da1-b386-d35a71ca9745">
    </UnitTestResult>
  </Results>
</TestRun>