<?xml version="1.0" encoding="UTF-8"?>
<TestRun id="2243e796-af2c-4695-9377-42de81f394c3" name="lgrodriguez@JLUIS-PC 2012-05-25 14:32:31" runUser="TEAMPRO\lgrodriguez" xmlns="http://microsoft.com/schemas/VisualStudio/TeamTest/2010">
  <TestSettings name="Local" id="53110626-90bd-4512-aaa3-a4ad06b51ebd">
    <Description>These are default test settings for a local test run.</Description>
    <Deployment enabled="false" runDeploymentRoot="lgrodriguez_JLUIS-PC 2012-05-25 14_32_31">
      <DeploymentItem filename="c:\users\lgrodriguez\documents\visual studio 2010\Projects\CodeKataJuly\Code\bin\Debug\Code.dll" />
    </Deployment>
    <Execution>
      <TestTypeSpecific />
      <AgentRule name="Execution Agents">
      </AgentRule>
    </Execution>
  </TestSettings>
  <Times creation="2012-05-25T14:32:31.5266268+02:00" queuing="2012-05-25T14:32:35.0139755+02:00" start="2012-05-25T14:32:35.2770018+02:00" finish="2012-05-25T14:33:05.8120550+02:00" />
  <ResultSummary outcome="Error">
    <Counters total="6" executed="3" passed="2" error="0" failed="0" timeout="0" aborted="1" inconclusive="0" passedButRunAborted="0" notRunnable="0" notExecuted="3" disconnected="0" warning="0" completed="0" inProgress="0" pending="0" />
    <RunInfos>
      <RunInfo computerName="JLUIS-PC" outcome="Error" timestamp="2012-05-25T14:33:05.8100548+02:00">
        <Text>Test host process exited unexpectedly.</Text>
      </RunInfo>
    </RunInfos>
  </ResultSummary>
  <TestDefinitions>
    <UnitTest name="OneIsPrimeTest" storage="c:\users\lgrodriguez\documents\visual studio 2010\projects\codekatajuly\test\bin\debug\test.dll" id="9529a870-48b3-d0b5-42a6-5e9447a93a12">
      <Execution id="3434c283-c35f-4dfd-a08f-cb1372c4a0fa" />
      <TestMethod codeBase="c:/users/lgrodriguez/documents/visual studio 2010/Projects/CodeKataJuly/Test/bin/Debug/Test.DLL" adapterTypeName="Microsoft.VisualStudio.TestTools.TestTypes.Unit.UnitTestAdapter, Microsoft.VisualStudio.QualityTools.Tips.UnitTest.Adapter, Version=10.0.0.0, Culture=neutral, PublicKeyToken=b03f5f7f11d50a3a" className="Test.ExtensionsTest, Test, Version=1.0.0.0, Culture=neutral, PublicKeyToken=null" name="OneIsPrimeTest" />
    </UnitTest>
    <UnitTest name="TwoIsPrimeTest" storage="c:\users\lgrodriguez\documents\visual studio 2010\projects\codekatajuly\test\bin\debug\test.dll" id="69d37811-b030-7159-5b56-140a631234ad">
      <Execution id="1001f525-84c5-43fd-b8c5-073544e35584" />
      <TestMethod codeBase="c:/users/lgrodriguez/documents/visual studio 2010/Projects/CodeKataJuly/Test/bin/Debug/Test.DLL" adapterTypeName="Microsoft.VisualStudio.TestTools.TestTypes.Unit.UnitTestAdapter, Microsoft.VisualStudio.QualityTools.Tips.UnitTest.Adapter, Version=10.0.0.0, Culture=neutral, PublicKeyToken=b03f5f7f11d50a3a" className="Test.ExtensionsTest, Test, Version=1.0.0.0, Culture=neutral, PublicKeyToken=null" name="TwoIsPrimeTest" />
    </UnitTest>
    <UnitTest name="IsPositiveTest" storage="c:\users\lgrodriguez\documents\visual studio 2010\projects\codekatajuly\test\bin\debug\test.dll" id="105b7569-4d67-fbec-40b7-e365da13ed81">
      <Execution id="54f9148e-66be-431e-afe4-c9b83f163be2" />
      <TestMethod codeBase="c:/users/lgrodriguez/documents/visual studio 2010/Projects/CodeKataJuly/Test/bin/Debug/Test.DLL" adapterTypeName="Microsoft.VisualStudio.TestTools.TestTypes.Unit.UnitTestAdapter, Microsoft.VisualStudio.QualityTools.Tips.UnitTest.Adapter, Version=10.0.0.0, Culture=neutral, PublicKeyToken=b03f5f7f11d50a3a" className="Test.ExtensionsTest, Test, Version=1.0.0.0, Culture=neutral, PublicKeyToken=null" name="IsPositiveTest" />
    </UnitTest>
    <UnitTest name="TwoDigitsGeneratePrimeFactorsTest" storage="c:\users\lgrodriguez\documents\visual studio 2010\projects\codekatajuly\test\bin\debug\test.dll" id="734e18ab-b05d-c196-04c1-9a9d11a37c55">
      <Execution id="696c5357-b0c6-4170-90e0-85f53735ddbc" />
      <TestMethod codeBase="c:/users/lgrodriguez/documents/visual studio 2010/Projects/CodeKataJuly/Test/bin/Debug/Test.DLL" adapterTypeName="Microsoft.VisualStudio.TestTools.TestTypes.Unit.UnitTestAdapter, Microsoft.VisualStudio.QualityTools.Tips.UnitTest.Adapter, Version=10.0.0.0, Culture=neutral, PublicKeyToken=b03f5f7f11d50a3a" className="Test.PrimeFactorsTest, Test, Version=1.0.0.0, Culture=neutral, PublicKeyToken=null" name="TwoDigitsGeneratePrimeFactorsTest" />
    </UnitTest>
    <UnitTest name="SimpleNumberGeneratePrimeFactorsTest" storage="c:\users\lgrodriguez\documents\visual studio 2010\projects\codekatajuly\test\bin\debug\test.dll" id="8cf04d87-b4ff-55b3-68c9-5b139f3b2d35">
      <Execution id="fce8b9d4-ba91-4acf-ba04-aed7bdee40a0" />
      <TestMethod codeBase="c:/users/lgrodriguez/documents/visual studio 2010/Projects/CodeKataJuly/Test/bin/Debug/Test.DLL" adapterTypeName="Microsoft.VisualStudio.TestTools.TestTypes.Unit.UnitTestAdapter, Microsoft.VisualStudio.QualityTools.Tips.UnitTest.Adapter, Version=10.0.0.0, Culture=neutral, PublicKeyToken=b03f5f7f11d50a3a" className="Test.PrimeFactorsTest, Test, Version=1.0.0.0, Culture=neutral, PublicKeyToken=null" name="SimpleNumberGeneratePrimeFactorsTest" />
    </UnitTest>
    <UnitTest name="IsNotPositiveTest" storage="c:\users\lgrodriguez\documents\visual studio 2010\projects\codekatajuly\test\bin\debug\test.dll" id="c2dbdb08-80fc-88c5-78f6-ec1a05750812">
      <Execution id="ef851739-751a-453a-829e-d6ee7f593fa9" />
      <TestMethod codeBase="c:/users/lgrodriguez/documents/visual studio 2010/Projects/CodeKataJuly/Test/bin/Debug/Test.DLL" adapterTypeName="Microsoft.VisualStudio.TestTools.TestTypes.Unit.UnitTestAdapter, Microsoft.VisualStudio.QualityTools.Tips.UnitTest.Adapter, Version=10.0.0.0, Culture=neutral, PublicKeyToken=b03f5f7f11d50a3a" className="Test.ExtensionsTest, Test, Version=1.0.0.0, Culture=neutral, PublicKeyToken=null" name="IsNotPositiveTest" />
    </UnitTest>
  </TestDefinitions>
  <TestLists>
    <TestList name="Results Not in a List" id="8c84fa94-04c1-424b-9868-57a2d4851a1d" />
    <TestList name="All Loaded Results" id="19431567-8539-422a-85d7-44ee4e166bda" />
  </TestLists>
  <TestEntries>
    <TestEntry testId="105b7569-4d67-fbec-40b7-e365da13ed81" executionId="54f9148e-66be-431e-afe4-c9b83f163be2" testListId="8c84fa94-04c1-424b-9868-57a2d4851a1d" />
    <TestEntry testId="69d37811-b030-7159-5b56-140a631234ad" executionId="1001f525-84c5-43fd-b8c5-073544e35584" testListId="8c84fa94-04c1-424b-9868-57a2d4851a1d" />
    <TestEntry testId="734e18ab-b05d-c196-04c1-9a9d11a37c55" executionId="696c5357-b0c6-4170-90e0-85f53735ddbc" testListId="8c84fa94-04c1-424b-9868-57a2d4851a1d" />
    <TestEntry testId="8cf04d87-b4ff-55b3-68c9-5b139f3b2d35" executionId="fce8b9d4-ba91-4acf-ba04-aed7bdee40a0" testListId="8c84fa94-04c1-424b-9868-57a2d4851a1d" />
    <TestEntry testId="9529a870-48b3-d0b5-42a6-5e9447a93a12" executionId="3434c283-c35f-4dfd-a08f-cb1372c4a0fa" testListId="8c84fa94-04c1-424b-9868-57a2d4851a1d" />
    <TestEntry testId="c2dbdb08-80fc-88c5-78f6-ec1a05750812" executionId="ef851739-751a-453a-829e-d6ee7f593fa9" testListId="8c84fa94-04c1-424b-9868-57a2d4851a1d" />
  </TestEntries>
  <Results>
    <UnitTestResult executionId="54f9148e-66be-431e-afe4-c9b83f163be2" testId="105b7569-4d67-fbec-40b7-e365da13ed81" testName="IsPositiveTest" computerName="JLUIS-PC" duration="00:00:00.0809026" startTime="2012-05-25T14:32:35.5760317+02:00" endTime="2012-05-25T14:32:37.2902031+02:00" testType="13cdc9d9-ddb5-4fa4-a97d-d965ccfc6d4b" outcome="Passed" testListId="8c84fa94-04c1-424b-9868-57a2d4851a1d" relativeResultsDirectory="54f9148e-66be-431e-afe4-c9b83f163be2">
    </UnitTestResult>
    <UnitTestResult executionId="1001f525-84c5-43fd-b8c5-073544e35584" testId="69d37811-b030-7159-5b56-140a631234ad" testName="TwoIsPrimeTest" computerName="JLUIS-PC" duration="00:00:00.0077089" startTime="2012-05-25T14:32:37.3142055+02:00" endTime="2012-05-25T14:32:37.3302071+02:00" testType="13cdc9d9-ddb5-4fa4-a97d-d965ccfc6d4b" outcome="Passed" testListId="8c84fa94-04c1-424b-9868-57a2d4851a1d" relativeResultsDirectory="1001f525-84c5-43fd-b8c5-073544e35584">
    </UnitTestResult>
    <UnitTestResult executionId="696c5357-b0c6-4170-90e0-85f53735ddbc" testId="734e18ab-b05d-c196-04c1-9a9d11a37c55" testName="TwoDigitsGeneratePrimeFactorsTest" computerName="JLUIS-PC" duration="00:00:28.4658463" startTime="2012-05-25T14:32:37.3462087+02:00" endTime="2012-05-25T14:33:05.8120550+02:00" testType="13cdc9d9-ddb5-4fa4-a97d-d965ccfc6d4b" outcome="Aborted" testListId="8c84fa94-04c1-424b-9868-57a2d4851a1d" relativeResultsDirectory="696c5357-b0c6-4170-90e0-85f53735ddbc">
    </UnitTestResult>
    <UnitTestResult executionId="fce8b9d4-ba91-4acf-ba04-aed7bdee40a0" testId="8cf04d87-b4ff-55b3-68c9-5b139f3b2d35" testName="SimpleNumberGeneratePrimeFactorsTest" computerName="JLUIS-PC" testType="13cdc9d9-ddb5-4fa4-a97d-d965ccfc6d4b" outcome="NotExecuted" testListId="8c84fa94-04c1-424b-9868-57a2d4851a1d" relativeResultsDirectory="fce8b9d4-ba91-4acf-ba04-aed7bdee40a0">
    </UnitTestResult>
    <UnitTestResult executionId="3434c283-c35f-4dfd-a08f-cb1372c4a0fa" testId="9529a870-48b3-d0b5-42a6-5e9447a93a12" testName="OneIsPrimeTest" computerName="JLUIS-PC" testType="13cdc9d9-ddb5-4fa4-a97d-d965ccfc6d4b" outcome="NotExecuted" testListId="8c84fa94-04c1-424b-9868-57a2d4851a1d" relativeResultsDirectory="3434c283-c35f-4dfd-a08f-cb1372c4a0fa">
    </UnitTestResult>
    <UnitTestResult executionId="ef851739-751a-453a-829e-d6ee7f593fa9" testId="c2dbdb08-80fc-88c5-78f6-ec1a05750812" testName="IsNotPositiveTest" computerName="JLUIS-PC" testType="13cdc9d9-ddb5-4fa4-a97d-d965ccfc6d4b" outcome="NotExecuted" testListId="8c84fa94-04c1-424b-9868-57a2d4851a1d" relativeResultsDirectory="ef851739-751a-453a-829e-d6ee7f593fa9">
    </UnitTestResult>
  </Results>
</TestRun>