<?xml version="1.0" encoding="UTF-8"?>
<TestRun id="d80c5acc-6d00-4549-a44e-522c2704ae71" name="lgrodriguez@JLUIS-PC 2012-05-25 14:05:10" runUser="TEAMPRO\lgrodriguez" xmlns="http://microsoft.com/schemas/VisualStudio/TeamTest/2010">
  <TestSettings name="Local" id="53110626-90bd-4512-aaa3-a4ad06b51ebd">
    <Description>These are default test settings for a local test run.</Description>
    <Deployment enabled="false" runDeploymentRoot="lgrodriguez_JLUIS-PC 2012-05-25 14_05_10">
      <DeploymentItem filename="c:\users\lgrodriguez\documents\visual studio 2010\Projects\CodeKataJuly\Code\bin\Debug\Code.dll" />
    </Deployment>
    <Execution>
      <TestTypeSpecific />
      <AgentRule name="Execution Agents">
      </AgentRule>
    </Execution>
  </TestSettings>
  <Times creation="2012-05-25T14:05:10.7344728+02:00" queuing="2012-05-25T14:05:15.9349527+02:00" start="2012-05-25T14:05:16.3419120+02:00" finish="2012-05-25T14:05:30.3705090+02:00" />
  <ResultSummary outcome="Error">
    <Counters total="1" executed="1" error="0" failed="0" timeout="0" aborted="1" inconclusive="0" passedButRunAborted="0" notRunnable="0" notExecuted="0" disconnected="0" warning="0" passed="0" completed="0" inProgress="0" pending="0" />
    <RunInfos>
      <RunInfo computerName="JLUIS-PC" outcome="Error" timestamp="2012-05-25T14:05:30.3685092+02:00">
        <Text>Test host process exited unexpectedly.</Text>
      </RunInfo>
    </RunInfos>
  </ResultSummary>
  <TestDefinitions>
    <UnitTest name="GeneratePrimeFactorsTest" storage="c:\users\lgrodriguez\documents\visual studio 2010\projects\codekatajuly\test\bin\debug\test.dll" id="10c5413f-9c60-a4ec-9c10-950069adad65">
      <Execution id="2826ea95-66e8-4727-bc8f-0d32169b0524" />
      <TestMethod codeBase="c:/users/lgrodriguez/documents/visual studio 2010/Projects/CodeKataJuly/Test/bin/Debug/Test.DLL" adapterTypeName="Microsoft.VisualStudio.TestTools.TestTypes.Unit.UnitTestAdapter, Microsoft.VisualStudio.QualityTools.Tips.UnitTest.Adapter, Version=10.0.0.0, Culture=neutral, PublicKeyToken=b03f5f7f11d50a3a" className="Test.PrimeFactorsTest, Test, Version=1.0.0.0, Culture=neutral, PublicKeyToken=null" name="GeneratePrimeFactorsTest" />
    </UnitTest>
  </TestDefinitions>
  <TestLists>
    <TestList name="Results Not in a List" id="8c84fa94-04c1-424b-9868-57a2d4851a1d" />
    <TestList name="All Loaded Results" id="19431567-8539-422a-85d7-44ee4e166bda" />
  </TestLists>
  <TestEntries>
    <TestEntry testId="10c5413f-9c60-a4ec-9c10-950069adad65" executionId="2826ea95-66e8-4727-bc8f-0d32169b0524" testListId="8c84fa94-04c1-424b-9868-57a2d4851a1d" />
  </TestEntries>
  <Results>
    <UnitTestResult executionId="2826ea95-66e8-4727-bc8f-0d32169b0524" testId="10c5413f-9c60-a4ec-9c10-950069adad65" testName="GeneratePrimeFactorsTest" computerName="JLUIS-PC" duration="00:00:13.6816317" startTime="2012-05-25T14:05:16.6878774+02:00" endTime="2012-05-25T14:05:30.3695091+02:00" testType="13cdc9d9-ddb5-4fa4-a97d-d965ccfc6d4b" outcome="Aborted" testListId="8c84fa94-04c1-424b-9868-57a2d4851a1d" relativeResultsDirectory="2826ea95-66e8-4727-bc8f-0d32169b0524">
    </UnitTestResult>
  </Results>
</TestRun>