<?xml version="1.0" encoding="UTF-8"?>
<TestRun id="a5564345-af92-4111-85ee-31318cd7f8ea" name="lgrodriguez@JLUIS-PC 2011-11-30 12:33:19" runUser="TEAMPRO\lgrodriguez" xmlns="http://microsoft.com/schemas/VisualStudio/TeamTest/2010">
  <TestSettings name="Local" id="5e058b59-d295-461c-8811-f255c864e834">
    <Description>These are default test settings for a local test run.</Description>
    <Deployment enabled="false" runDeploymentRoot="lgrodriguez_JLUIS-PC 2011-11-30 12_33_19">
      <DeploymentItem filename="c:\users\lgrodriguez\documents\visual studio 2010\Projects\CodeKataNovember\CodeKataNovember\bin\Debug\CodeKataNovember.exe" />
    </Deployment>
    <Execution>
      <TestTypeSpecific />
      <AgentRule name="Execution Agents">
      </AgentRule>
    </Execution>
  </TestSettings>
  <Times creation="2011-11-30T12:33:19.4997725+01:00" queuing="2011-11-30T12:33:20.5738799+01:00" start="2011-11-30T12:33:20.6608886+01:00" finish="2011-11-30T12:33:39.0887312+01:00" />
  <ResultSummary outcome="Failed">
    <Counters total="6" executed="6" passed="5" error="0" failed="1" timeout="0" aborted="0" inconclusive="0" passedButRunAborted="0" notRunnable="0" notExecuted="0" disconnected="0" warning="0" completed="0" inProgress="0" pending="0" />
  </ResultSummary>
  <TestDefinitions>
    <UnitTest name="GetPrice_Two_diffent_Books" storage="c:\users\lgrodriguez\documents\visual studio 2010\projects\codekatanovember\codekatanovember_test\bin\debug\codekatanovember_test.dll" id="4267a5b0-1d18-75e2-da81-cb30c2487f71">
      <Execution id="4298a618-7820-444a-b239-e6ca8d3aa9f1" />
      <TestMethod codeBase="c:/users/lgrodriguez/documents/visual studio 2010/Projects/CodeKataNovember/CodeKataNovember_Test/bin/Debug/CodeKataNovember_Test.DLL" adapterTypeName="Microsoft.VisualStudio.TestTools.TestTypes.Unit.UnitTestAdapter, Microsoft.VisualStudio.QualityTools.Tips.UnitTest.Adapter, Version=10.0.0.0, Culture=neutral, PublicKeyToken=b03f5f7f11d50a3a" className="CodeKataNovember_Test.BooksTest, CodeKataNovember_Test, Version=1.0.0.0, Culture=neutral, PublicKeyToken=null" name="GetPrice_Two_diffent_Books" />
    </UnitTest>
    <UnitTest name="GetPrice_One_Book" storage="c:\users\lgrodriguez\documents\visual studio 2010\projects\codekatanovember\codekatanovember_test\bin\debug\codekatanovember_test.dll" id="d0cbfbfa-2157-8259-1cf6-0b6ff5c04099">
      <Execution id="50f9d783-5275-42f4-992e-3d5e4ae5787c" />
      <TestMethod codeBase="c:/users/lgrodriguez/documents/visual studio 2010/Projects/CodeKataNovember/CodeKataNovember_Test/bin/Debug/CodeKataNovember_Test.DLL" adapterTypeName="Microsoft.VisualStudio.TestTools.TestTypes.Unit.UnitTestAdapter, Microsoft.VisualStudio.QualityTools.Tips.UnitTest.Adapter, Version=10.0.0.0, Culture=neutral, PublicKeyToken=b03f5f7f11d50a3a" className="CodeKataNovember_Test.BooksTest, CodeKataNovember_Test, Version=1.0.0.0, Culture=neutral, PublicKeyToken=null" name="GetPrice_One_Book" />
    </UnitTest>
    <UnitTest name="GetPrice_Four_diffent_Three_Equal_Books" storage="c:\users\lgrodriguez\documents\visual studio 2010\projects\codekatanovember\codekatanovember_test\bin\debug\codekatanovember_test.dll" id="e133ad53-9f29-30e8-1ab0-04a4505c5011">
      <Execution id="fb66a831-d6d0-4f38-8c33-8d065ef6cd27" />
      <TestMethod codeBase="c:/users/lgrodriguez/documents/visual studio 2010/Projects/CodeKataNovember/CodeKataNovember_Test/bin/Debug/CodeKataNovember_Test.DLL" adapterTypeName="Microsoft.VisualStudio.TestTools.TestTypes.Unit.UnitTestAdapter, Microsoft.VisualStudio.QualityTools.Tips.UnitTest.Adapter, Version=10.0.0.0, Culture=neutral, PublicKeyToken=b03f5f7f11d50a3a" className="CodeKataNovember_Test.BooksTest, CodeKataNovember_Test, Version=1.0.0.0, Culture=neutral, PublicKeyToken=null" name="GetPrice_Four_diffent_Three_Equal_Books" />
    </UnitTest>
    <UnitTest name="GetPrice_Three_diffent_One_Equal_Books" storage="c:\users\lgrodriguez\documents\visual studio 2010\projects\codekatanovember\codekatanovember_test\bin\debug\codekatanovember_test.dll" id="496b2e24-28ad-4927-f275-76767bc27550">
      <Execution id="9c50aa22-0418-42b9-846c-07e6fd48dced" />
      <TestMethod codeBase="c:/users/lgrodriguez/documents/visual studio 2010/Projects/CodeKataNovember/CodeKataNovember_Test/bin/Debug/CodeKataNovember_Test.DLL" adapterTypeName="Microsoft.VisualStudio.TestTools.TestTypes.Unit.UnitTestAdapter, Microsoft.VisualStudio.QualityTools.Tips.UnitTest.Adapter, Version=10.0.0.0, Culture=neutral, PublicKeyToken=b03f5f7f11d50a3a" className="CodeKataNovember_Test.BooksTest, CodeKataNovember_Test, Version=1.0.0.0, Culture=neutral, PublicKeyToken=null" name="GetPrice_Three_diffent_One_Equal_Books" />
    </UnitTest>
    <UnitTest name="GetPrice_Three_diffent_Books" storage="c:\users\lgrodriguez\documents\visual studio 2010\projects\codekatanovember\codekatanovember_test\bin\debug\codekatanovember_test.dll" id="ff47b6a6-4796-a75e-3132-2c7dab0480f5">
      <Execution id="b2cf75c2-1261-49da-b340-42c8369e0709" />
      <TestMethod codeBase="c:/users/lgrodriguez/documents/visual studio 2010/Projects/CodeKataNovember/CodeKataNovember_Test/bin/Debug/CodeKataNovember_Test.DLL" adapterTypeName="Microsoft.VisualStudio.TestTools.TestTypes.Unit.UnitTestAdapter, Microsoft.VisualStudio.QualityTools.Tips.UnitTest.Adapter, Version=10.0.0.0, Culture=neutral, PublicKeyToken=b03f5f7f11d50a3a" className="CodeKataNovember_Test.BooksTest, CodeKataNovember_Test, Version=1.0.0.0, Culture=neutral, PublicKeyToken=null" name="GetPrice_Three_diffent_Books" />
    </UnitTest>
    <UnitTest name="GetPrice_Four_diffent_One_Equal_Books" storage="c:\users\lgrodriguez\documents\visual studio 2010\projects\codekatanovember\codekatanovember_test\bin\debug\codekatanovember_test.dll" id="9510fd6b-6f82-48cf-247e-d5d273b47e93">
      <Execution id="d2e25169-7a8e-4c43-9a29-0b1c0dd75bf3" />
      <TestMethod codeBase="c:/users/lgrodriguez/documents/visual studio 2010/Projects/CodeKataNovember/CodeKataNovember_Test/bin/Debug/CodeKataNovember_Test.DLL" adapterTypeName="Microsoft.VisualStudio.TestTools.TestTypes.Unit.UnitTestAdapter, Microsoft.VisualStudio.QualityTools.Tips.UnitTest.Adapter, Version=10.0.0.0, Culture=neutral, PublicKeyToken=b03f5f7f11d50a3a" className="CodeKataNovember_Test.BooksTest, CodeKataNovember_Test, Version=1.0.0.0, Culture=neutral, PublicKeyToken=null" name="GetPrice_Four_diffent_One_Equal_Books" />
    </UnitTest>
  </TestDefinitions>
  <TestLists>
    <TestList name="Results Not in a List" id="8c84fa94-04c1-424b-9868-57a2d4851a1d" />
    <TestList name="All Loaded Results" id="19431567-8539-422a-85d7-44ee4e166bda" />
  </TestLists>
  <TestEntries>
    <TestEntry testId="4267a5b0-1d18-75e2-da81-cb30c2487f71" executionId="4298a618-7820-444a-b239-e6ca8d3aa9f1" testListId="8c84fa94-04c1-424b-9868-57a2d4851a1d" />
    <TestEntry testId="496b2e24-28ad-4927-f275-76767bc27550" executionId="9c50aa22-0418-42b9-846c-07e6fd48dced" testListId="8c84fa94-04c1-424b-9868-57a2d4851a1d" />
    <TestEntry testId="9510fd6b-6f82-48cf-247e-d5d273b47e93" executionId="d2e25169-7a8e-4c43-9a29-0b1c0dd75bf3" testListId="8c84fa94-04c1-424b-9868-57a2d4851a1d" />
    <TestEntry testId="d0cbfbfa-2157-8259-1cf6-0b6ff5c04099" executionId="50f9d783-5275-42f4-992e-3d5e4ae5787c" testListId="8c84fa94-04c1-424b-9868-57a2d4851a1d" />
    <TestEntry testId="e133ad53-9f29-30e8-1ab0-04a4505c5011" executionId="fb66a831-d6d0-4f38-8c33-8d065ef6cd27" testListId="8c84fa94-04c1-424b-9868-57a2d4851a1d" />
    <TestEntry testId="ff47b6a6-4796-a75e-3132-2c7dab0480f5" executionId="b2cf75c2-1261-49da-b340-42c8369e0709" testListId="8c84fa94-04c1-424b-9868-57a2d4851a1d" />
  </TestEntries>
  <Results>
    <UnitTestResult executionId="4298a618-7820-444a-b239-e6ca8d3aa9f1" testId="4267a5b0-1d18-75e2-da81-cb30c2487f71" testName="GetPrice_Two_diffent_Books" computerName="JLUIS-PC" duration="00:00:00.0305567" startTime="2011-11-30T12:33:20.7098935+01:00" endTime="2011-11-30T12:33:22.0510276+01:00" testType="13cdc9d9-ddb5-4fa4-a97d-d965ccfc6d4b" outcome="Passed" testListId="8c84fa94-04c1-424b-9868-57a2d4851a1d" relativeResultsDirectory="4298a618-7820-444a-b239-e6ca8d3aa9f1">
    </UnitTestResult>
    <UnitTestResult executionId="9c50aa22-0418-42b9-846c-07e6fd48dced" testId="496b2e24-28ad-4927-f275-76767bc27550" testName="GetPrice_Three_diffent_One_Equal_Books" computerName="JLUIS-PC" duration="00:00:00.0004648" startTime="2011-11-30T12:33:22.0690294+01:00" endTime="2011-11-30T12:33:22.0830308+01:00" testType="13cdc9d9-ddb5-4fa4-a97d-d965ccfc6d4b" outcome="Passed" testListId="8c84fa94-04c1-424b-9868-57a2d4851a1d" relativeResultsDirectory="9c50aa22-0418-42b9-846c-07e6fd48dced">
    </UnitTestResult>
    <UnitTestResult executionId="d2e25169-7a8e-4c43-9a29-0b1c0dd75bf3" testId="9510fd6b-6f82-48cf-247e-d5d273b47e93" testName="GetPrice_Four_diffent_One_Equal_Books" computerName="JLUIS-PC" duration="00:00:00.0003814" startTime="2011-11-30T12:33:22.0950320+01:00" endTime="2011-11-30T12:33:22.1050330+01:00" testType="13cdc9d9-ddb5-4fa4-a97d-d965ccfc6d4b" outcome="Passed" testListId="8c84fa94-04c1-424b-9868-57a2d4851a1d" relativeResultsDirectory="d2e25169-7a8e-4c43-9a29-0b1c0dd75bf3">
    </UnitTestResult>
    <UnitTestResult executionId="50f9d783-5275-42f4-992e-3d5e4ae5787c" testId="d0cbfbfa-2157-8259-1cf6-0b6ff5c04099" testName="GetPrice_One_Book" computerName="JLUIS-PC" duration="00:00:00.0004105" startTime="2011-11-30T12:33:22.1130338+01:00" endTime="2011-11-30T12:33:22.1240349+01:00" testType="13cdc9d9-ddb5-4fa4-a97d-d965ccfc6d4b" outcome="Passed" testListId="8c84fa94-04c1-424b-9868-57a2d4851a1d" relativeResultsDirectory="50f9d783-5275-42f4-992e-3d5e4ae5787c">
    </UnitTestResult>
    <UnitTestResult executionId="fb66a831-d6d0-4f38-8c33-8d065ef6cd27" testId="e133ad53-9f29-30e8-1ab0-04a4505c5011" testName="GetPrice_Four_diffent_Three_Equal_Books" computerName="JLUIS-PC" duration="00:00:16.8135116" startTime="2011-11-30T12:33:22.1320357+01:00" endTime="2011-11-30T12:33:38.9567180+01:00" testType="13cdc9d9-ddb5-4fa4-a97d-d965ccfc6d4b" outcome="Failed" testListId="8c84fa94-04c1-424b-9868-57a2d4851a1d" relativeResultsDirectory="fb66a831-d6d0-4f38-8c33-8d065ef6cd27">
      <Output>
        <ErrorInfo>
          <Message>Assert.AreEqual failed. Expected:&lt;205,92&gt;. Actual:&lt;47,2&gt;. </Message>
          <StackTrace>   en CodeKataNovember_Test.BooksTest.GetPrice_Four_diffent_Three_Equal_Books() en c:\users\lgrodriguez\documents\visual studio 2010\Projects\CodeKataNovember\CodeKataNovember_Test\BooksTest.cs:línea 121
</StackTrace>
        </ErrorInfo>
      </Output>
    </UnitTestResult>
    <UnitTestResult executionId="b2cf75c2-1261-49da-b340-42c8369e0709" testId="ff47b6a6-4796-a75e-3132-2c7dab0480f5" testName="GetPrice_Three_diffent_Books" computerName="JLUIS-PC" duration="00:00:00.0004122" startTime="2011-11-30T12:33:38.9727196+01:00" endTime="2011-11-30T12:33:38.9897213+01:00" testType="13cdc9d9-ddb5-4fa4-a97d-d965ccfc6d4b" outcome="Passed" testListId="8c84fa94-04c1-424b-9868-57a2d4851a1d" relativeResultsDirectory="b2cf75c2-1261-49da-b340-42c8369e0709">
    </UnitTestResult>
  </Results>
</TestRun>